#2.0#2020 08 19 08:30:24.625#Z#DEBUG#com.sap.cloud.lm.sl.xs2.3a658ee0-e1f6-11ea-91e2-eeee0a999177.OPERATION.startEvent#
######org.cloudfoundry.multiapps.controller.persistence.services.ProcessLogger########http-nio-0.0.0.0-8080-exec-10###
[XS2StartProcessListener] Process environment: {
  "PLATFORM" : "{\n  \"name\": \"CLOUD-FOUNDRY\",\n  \"module-types\": [\n    { \"name\": \"custom\" },\n    { \"name\": \"javascript.nodejs\" },\n    { \"name\": \"java\", \"parameters\": { \"buildpack\": \"sap_java_buildpack\" }},\n    { \"name\": \"java.tomcat\", \"parameters\": { \"buildpack\": \"sap_java_buildpack\" }, \"properties\": { \"TARGET_RUNTIME\": \"tomcat\" }},\n    { \"name\": \"java.tomee\",  \"parameters\": { \"buildpack\": \"sap_java_buildpack\" }, \"properties\": { \"TARGET_RUNTIME\": \"tomee\" }},\n    { \"name\": \"com.sap.xs.hdi-dynamic\", \"parameters\": { \"buildpack\": \"nodejs_buildpack\" }},\n    { \"name\": \"com.sap.xs.hdi\", \"parameters\": { \"no-route\": true, \"no-start\": true, \"memory\": \"256M\", \"tasks\": [{ \"name\": \"deploy\", \"memory\": \"256M\", \"command\": \"npm start\" }], \"dependency-type\": \"hard\" }, \"properties\" : { \"EXIT\": 1 }},\n    { \"name\": \"com.sap.xs.hdi-zdm\", \"parameters\": { \"zdm-mode\": true, \"no-route\": true, \"no-start\": true, \"memory\": \"256M\", \"tasks\": [{ \"name\": \"deploy\", \"memory\": \"256M\", \"command\": \"npm start\" }], \"dependency-type\": \"hard\" }, \"properties\" : { \"EXIT\": 1, \"HDI_DEPLOY_MODE\": \"ZDM\" }},\n    { \"name\": \"com.sap.portal.site-content\", \"parameters\": { \"no-route\": true, \"memory\": \"256M\", \"execute-app\": true, \"success-marker\": \"STDOUT:Deployment of site content to .* done.*\", \"failure-marker\": \"STDERR:Deployment of site content to .* failed.*\", \"stop-app\": true, \"check-deploy-id\": true, \"dependency-type\": \"hard\", \"health-check-type\": \"none\" }},\n    { \"name\": \"com.sap.portal.content\", \"parameters\": { \"no-route\": true, \"no-start\": true, \"memory\": \"256M\", \"tasks\": [{ \"name\": \"deploy\", \"memory\": \"256M\", \"command\": \"npm start\" }], \"dependency-type\": \"hard\" }, \"properties\" : { \"EXIT\": 1 }},\n    { \"name\": \"com.sap.xs.dwf\", \"parameters\": { \"no-route\": true, \"memory\": \"256M\", \"execute-app\": true, \"success-marker\": \"STDOUT:The deployment of DWF content to .* container finished successfully .*\", \"failure-marker\": \"STDERR:The deployment of DWF content to .* container failed .*\", \"stop-app\": true, \"check-deploy-id\": true, \"dependency-type\": \"hard\", \"health-check-type\": \"none\" }},\n    { \"name\": \"business-logging\", \"parameters\": { \"no-route\": true, \"memory\": \"256M\", \"execute-app\": true, \"success-marker\": \"STDOUT:Deployment of content deployer done.\", \"failure-marker\": \"STDERR:Deployment of content deployer failed.\", \"stop-app\": true, \"health-check-type\": \"none\" }},\n    { \"name\": \"com.sap.business-logging.content\", \"parameters\": { \"no-route\": true, \"no-start\": true, \"memory\": \"256M\", \"tasks\": [{ \"name\": \"deploy\", \"memory\": \"256M\", \"command\": \"npm start\" }], \"dependency-type\": \"hard\" }, \"properties\" : { \"EXIT\": 1 }},\n    { \"name\": \"com.sap.html5.application-content\", \"parameters\": { \"no-route\": true, \"memory\": \"256M\", \"execute-app\": true, \"success-marker\": \"STDOUT:Deployment of html5 application content done.*\", \"failure-marker\": \"STDERR:Deployment of html5 application content failed.*\", \"stop-app\": true, \"check-deploy-id\": true, \"dependency-type\": \"hard\", \"health-check-type\": \"none\" }}, \n    { \"name\": \"com.sap.html5.application.content\", \"parameters\": { \"no-route\": true, \"no-start\": true, \"memory\": \"256M\", \"tasks\": [{ \"name\": \"deploy\", \"memory\": \"256M\", \"command\": \"npm start\" }], \"dependency-type\": \"hard\" }, \"properties\" : { \"EXIT\": 1 }},\n    { \"name\": \"staticfile\", \"parameters\": { \"buildpack\": \"staticfile_buildpack\" }},\n    { \"name\": \"ruby\", \"parameters\": { \"buildpack\": \"ruby_buildpack\" }},\n    { \"name\": \"nodejs\", \"parameters\": { \"buildpack\": \"nodejs_buildpack\" }},\n    { \"name\": \"go\", \"parameters\": { \"buildpack\": \"go_buildpack\" }},\n    { \"name\": \"python\", \"parameters\": { \"buildpack\": \"python_buildpack\" }},\n    { \"name\": \"php\", \"parameters\": { \"buildpack\": \"php_buildpack\" }},\n    { \"name\": \"binary\", \"parameters\": { \"buildpack\": \"binary_buildpack\" }},\n    { \"name\": \"dotnet_core\", \"parameters\": { \"buildpack\": \"dotnet_core_buildpack\" }},\n    { \"name\": \"application\" },\n    { \"name\": \"com.sap.application.content\" },\n    { \"name\": \"com.sap.integration\" }\n  ],\n  \"resource-types\": [\n    { \"name\": \"com.sap.xs.hdi-container\", \"parameters\": { \"service\": \"hana\", \"service-plan\": \"hdi-shared\", \"service-alternatives\": [\"hanatrial\"], \"type\": \"managed-service\" }},\n    { \"name\": \"com.sap.xs.hana-sbss\", \"parameters\": { \"service\": \"hana\", \"service-plan\": \"sbss\", \"service-alternatives\": [\"hanatrial\"], \"type\": \"managed-service\" }},\n    { \"name\": \"com.sap.xs.hana-schema\", \"parameters\": { \"service\": \"hana\", \"service-plan\": \"schema\", \"service-alternatives\": [\"hanatrial\"], \"type\": \"managed-service\" }},\n    { \"name\": \"com.sap.xs.hana-securestore\", \"parameters\": { \"service\": \"hana\", \"service-plan\": \"securestore\", \"service-alternatives\": [\"hanatrial\"], \"type\": \"managed-service\" }},\n    { \"name\": \"com.sap.xs.managed-hdi-container\", \"parameters\": { \"service\": \"managed-hana\", \"service-plan\": \"hdi-shared\", \"type\": \"managed-service\" }},\n    { \"name\": \"com.sap.xs.managed-hana-schema\", \"parameters\": { \"service\": \"managed-hana\", \"service-plan\": \"schema\", \"type\": \"managed-service\" }},\n    { \"name\": \"com.sap.xs.managed-hana-securestore\", \"parameters\": { \"service\": \"managed-hana\", \"service-plan\": \"securestore\", \"type\": \"managed-service\" }},\n    { \"name\": \"com.sap.xs.job-scheduler\", \"parameters\": { \"service\": \"jobscheduler\", \"service-plan\": \"lite\", \"type\": \"managed-service\" }},\n    { \"name\": \"com.sap.xs.fs\", \"parameters\": { \"service\": \"fs-storage\", \"service-plan\": \"lite\", \"type\": \"managed-service\" }},\n    { \"name\": \"com.sap.xs.uaa\", \"parameters\": { \"service\": \"xsuaa\", \"service-plan\": \"application\", \"type\": \"managed-service\" }},\n    { \"name\": \"com.sap.xs.uaa-space\", \"parameters\": { \"service\": \"xsuaa\", \"service-plan\": \"application\", \"type\": \"managed-service\" }},\n    { \"name\": \"com.sap.xs.uaa-devuser\", \"parameters\": { \"service\": \"xsuaa\", \"service-plan\": \"application\", \"type\": \"managed-service\" }},\n    { \"name\": \"com.sap.xs.uaa-application\", \"parameters\": { \"service\": \"xsuaa\", \"service-plan\": \"application\", \"type\": \"managed-service\" }},\n    { \"name\": \"com.sap.xs.uaa-broker\", \"parameters\": { \"service\": \"xsuaa\", \"service-plan\": \"broker\", \"type\": \"managed-service\" }},\n    { \"name\": \"com.sap.xs.application-logs\", \"parameters\": { \"service\": \"application-logs\", \"service-plan\": \"lite\", \"ignore-update-errors\": true , \"type\": \"managed-service\" }},\n    { \"name\": \"com.sap.portal.site-host\", \"parameters\": { \"service\": \"portal-services\", \"service-plan\": \"site-host\", \"type\": \"managed-service\" }},\n    { \"name\": \"com.sap.portal.site-content\", \"parameters\": { \"service\": \"portal-services\", \"service-plan\": \"site-content\", \"type\": \"managed-service\" }},\n    { \"name\": \"com.sap.xs.dwf-edw-client\", \"parameters\": { \"service\": \"dwf\", \"service-plan\": \"edw-client\", \"type\": \"managed-service\"}},\n    { \"name\": \"com.sap.xs.auditlog\", \"parameters\": { \"service\": \"auditlog\", \"service-plan\": \"standard\", \"ignore-update-errors\": true , \"type\": \"managed-service\" }},\n    { \"name\": \"auditlog\", \"parameters\": { \"service\": \"auditlog\", \"service-plan\": \"standard\", \"ignore-update-errors\": true , \"type\": \"managed-service\" }},\n    { \"name\": \"org.mongodb\", \"parameters\": { \"service\": \"mongodb\", \"service-plan\": \"v3.0-dev\", \"type\": \"managed-service\" }},\n    { \"name\": \"mongodb\", \"parameters\": { \"service\": \"mongodb\", \"service-plan\": \"v3.0-dev\", \"type\": \"managed-service\" }},\n    { \"name\": \"org.postgresql\", \"parameters\": { \"service\": \"postgresql\", \"service-plan\": \"v9.4-dev\", \"type\": \"managed-service\" }},\n    { \"name\": \"postgresql\", \"parameters\": { \"service\": \"postgresql\", \"service-plan\": \"v9.4-dev\", \"type\": \"managed-service\" }},\n    { \"name\": \"com.rabbitmq\", \"parameters\": { \"service\": \"rabbitmq\", \"service-plan\": \"v3.6-dev\", \"type\": \"managed-service\" }},\n    { \"name\": \"rabbitmq\", \"parameters\": { \"service\": \"rabbitmq\", \"service-plan\": \"v3.6-dev\", \"type\": \"managed-service\" }},\n    { \"name\": \"io.redis\", \"parameters\": { \"service\": \"redis\", \"service-plan\": \"v3.0-dev\", \"type\": \"managed-service\" }},\n    { \"name\": \"redis\", \"parameters\": { \"service\": \"redis\", \"service-plan\": \"v3.0-dev\", \"type\": \"managed-service\" }},\n    { \"name\": \"com.influxdb\", \"parameters\": { \"service\": \"influxdb\", \"service-plan\": \"v0.13-container\", \"type\": \"managed-service\" }},\n    { \"name\": \"influxdb\", \"parameters\": { \"service\": \"influxdb\", \"service-plan\": \"v0.13-container\", \"type\": \"managed-service\" }},\n    { \"name\": \"org.cloudfoundry.user-provided-service\", \"parameters\": { \"type\": \"user-provided-service\" }},\n    { \"name\": \"org.cloudfoundry.managed-service\", \"parameters\": { \"type\": \"managed-service\" }},\n    { \"name\": \"org.cloudfoundry.existing-service\", \"parameters\": { \"type\": \"existing-service\" }},\n    { \"name\": \"org.cloudfoundry.existing-service-key\", \"parameters\": { \"type\": \"existing-service-key\" }},\n    { \"name\": \"mta-provided\", \"parameters\": { \"type\": \"mta-provides-dependency\" }},\n    { \"name\": \"configuration\", \"parameters\": { \"type\": \"configuration\" }},\n    { \"name\": \"autoscaler\", \"parameters\": { \"service\": \"autoscaler\", \"service-plan\": \"lite\", \"ignore-update-errors\": true , \"type\": \"managed-service\" }},\n    { \"name\": \"application-logs\", \"parameters\": { \"service\": \"application-logs\", \"service-plan\": \"lite\", \"ignore-update-errors\": true , \"type\": \"managed-service\" }},\n    { \"name\": \"connectivity\", \"parameters\": { \"service\": \"connectivity\", \"service-plan\": \"lite\", \"type\": \"managed-service\" }},\n    { \"name\": \"feature-flags\", \"parameters\": { \"service\": \"feature-flags\", \"service-plan\": \"lite\", \"type\": \"managed-service\" }},\n    { \"name\": \"metering\", \"parameters\": { \"service\": \"metering\", \"service-plan\": \"standard\", \"type\": \"managed-service\" }},\n    { \"name\": \"ml-foundation-services\", \"parameters\": { \"service\": \"ml-foundation-services\", \"service-plan\": \"lite\", \"type\": \"managed-service\" }},\n    { \"name\": \"objectstore\", \"parameters\": { \"service\": \"objectstore\", \"service-plan\": \"s3-standard\", \"type\": \"managed-service\" }},\n    { \"name\": \"destination\", \"parameters\": { \"service\": \"destination\", \"service-plan\": \"lite\", \"type\": \"managed-service\" }}\n  ]\n}\n",
  "SKIP_SSL_VALIDATION" : "false",
  "DB_TYPE" : "POSTGRESQL",
  "CONTROLLER_CLIENT_THREAD_POOL_SIZE" : "64",
  "XS_TYPE" : "CF",
  "FLOWABLE_JOB_EXECUTOR_MAX_THREADS" : "64",
  "VERSION" : "1.107.1",
  "BASIC_AUTH_ENABLED" : "true",
  "FLOWABLE_JOB_EXECUTOR_QUEUE_CAPACITY" : "8",
  "CONTROLLER_CLIENT_CONNECTION_POOL_SIZE" : "192",
  "GLOBAL_AUDITOR_USER" : "provisioned_user_xsa_deploy-serviceDSglobalAuditorUser",
  "FLOWABLE_JOB_EXECUTOR_CORE_THREADS" : "32"
}#

#2.0#2020 08 19 08:30:24.625#Z#DEBUG#com.sap.cloud.lm.sl.xs2.3a658ee0-e1f6-11ea-91e2-eeee0a999177.OPERATION.startEvent#
######org.cloudfoundry.multiapps.controller.persistence.services.ProcessLogger########http-nio-0.0.0.0-8080-exec-10###
[XS2StartProcessListener] Current user: wouterlemaire120@hotmail.com#

#2.0#2020 08 19 08:30:24.626#Z#DEBUG#com.sap.cloud.lm.sl.xs2.3a658ee0-e1f6-11ea-91e2-eeee0a999177.OPERATION.startEvent#
######org.cloudfoundry.multiapps.controller.persistence.services.ProcessLogger########http-nio-0.0.0.0-8080-exec-10###
[XS2StartProcessListener] Client space: dev#

#2.0#2020 08 19 08:30:24.626#Z#DEBUG#com.sap.cloud.lm.sl.xs2.3a658ee0-e1f6-11ea-91e2-eeee0a999177.OPERATION.startEvent#
######org.cloudfoundry.multiapps.controller.persistence.services.ProcessLogger########http-nio-0.0.0.0-8080-exec-10###
[XS2StartProcessListener] Client organization: 2d32c6fatrial#

#2.0#2020 08 19 08:30:24.626#Z#DEBUG#com.sap.cloud.lm.sl.xs2.3a658ee0-e1f6-11ea-91e2-eeee0a999177.OPERATION.startEvent#
######org.cloudfoundry.multiapps.controller.persistence.services.ProcessLogger########http-nio-0.0.0.0-8080-exec-10###
[XS2StartProcessListener] Process variables: {
  "abortOnError" : false,
  "mtaId" : "AppRouterOnly",
  "keepFiles" : false,
  "verifyArchiveSignature" : false,
  "noFailOnMissingPermissions" : false,
  "deleteServiceBrokers" : false,
  "appArchiveId" : "8ce1bbdf-1816-4648-9c5b-115e241c47f5",
  "gitUri" : "",
  "deleteServiceKeys" : "********",
  "noRestartSubscribedApps" : false,
  "noStart" : false,
  "deleteServices" : false
}#

#2.0#2020 08 19 08:30:24.662#Z#DEBUG#com.sap.cloud.lm.sl.xs2.3a658ee0-e1f6-11ea-91e2-eeee0a999177.OPERATION.validateParametersTask#
######org.cloudfoundry.multiapps.controller.persistence.services.ProcessLogger########flowable-async-job-executor-thread-774###
[ValidateDeployParametersStep] Executing task "validateParametersTask" of process "3a658f03-e1f6-11ea-91e2-eeee0a999177"...#

#2.0#2020 08 19 08:30:24.662#Z#DEBUG#com.sap.cloud.lm.sl.xs2.3a658ee0-e1f6-11ea-91e2-eeee0a999177.OPERATION.validateParametersTask#
######org.cloudfoundry.multiapps.controller.persistence.services.ProcessLogger########flowable-async-job-executor-thread-774###
[ValidateDeployParametersStep] Validating parameters...#

#2.0#2020 08 19 08:30:24.662#Z#INFO#com.sap.cloud.lm.sl.xs2.3a658ee0-e1f6-11ea-91e2-eeee0a999177.OPERATION.validateParametersTask#
######org.cloudfoundry.multiapps.controller.persistence.services.ProcessLogger########flowable-async-job-executor-thread-774###
[ValidateDeployParametersStep] Deploying in org "2d32c6fatrial" and space "dev"#

#2.0#2020 08 19 08:30:24.666#Z#DEBUG#com.sap.cloud.lm.sl.xs2.3a658ee0-e1f6-11ea-91e2-eeee0a999177.OPERATION.validateParametersTask#
######org.cloudfoundry.multiapps.controller.persistence.services.ProcessLogger########flowable-async-job-executor-thread-774###
[ValidateDeployParametersStep] Parameters validated#

#2.0#2020 08 19 08:30:24.666#Z#DEBUG#com.sap.cloud.lm.sl.xs2.3a658ee0-e1f6-11ea-91e2-eeee0a999177.OPERATION.validateParametersTask#
######org.cloudfoundry.multiapps.controller.persistence.services.ProcessLogger########flowable-async-job-executor-thread-774###
Step "Validate Parameters" finished#

#2.0#2020 08 19 08:30:24.687#Z#DEBUG#com.sap.cloud.lm.sl.xs2.3a658ee0-e1f6-11ea-91e2-eeee0a999177.OPERATION.deleteRemainingFileParts#
######org.cloudfoundry.multiapps.controller.persistence.services.ProcessLogger########flowable-async-job-executor-thread-775###
[DeleteRemainingFileParts] Executing task "deleteRemainingFileParts" of process "3a658f03-e1f6-11ea-91e2-eeee0a999177"...#

#2.0#2020 08 19 08:30:24.688#Z#DEBUG#com.sap.cloud.lm.sl.xs2.3a658ee0-e1f6-11ea-91e2-eeee0a999177.OPERATION.deleteRemainingFileParts#
######org.cloudfoundry.multiapps.controller.persistence.services.ProcessLogger########flowable-async-job-executor-thread-775###
Step "Delete Remaining File Parts" finished#

#2.0#2020 08 19 08:30:24.709#Z#DEBUG#com.sap.cloud.lm.sl.xs2.3a658ee0-e1f6-11ea-91e2-eeee0a999177.OPERATION.processArchiveTask#
######org.cloudfoundry.multiapps.controller.persistence.services.ProcessLogger########flowable-async-job-executor-thread-776###
[XS2ProcessMtaArchiveStep] Executing task "processArchiveTask" of process "3a658f03-e1f6-11ea-91e2-eeee0a999177"...#

#2.0#2020 08 19 08:30:24.710#Z#DEBUG#com.sap.cloud.lm.sl.xs2.3a658ee0-e1f6-11ea-91e2-eeee0a999177.OPERATION.processArchiveTask#
######org.cloudfoundry.multiapps.controller.persistence.services.ProcessLogger########flowable-async-job-executor-thread-776###
[XS2ProcessMtaArchiveStep] Processing MTA archive...#

#2.0#2020 08 19 08:30:24.754#Z#DEBUG#com.sap.cloud.lm.sl.xs2.3a658ee0-e1f6-11ea-91e2-eeee0a999177.OPERATION.processArchiveTask#
######org.cloudfoundry.multiapps.controller.persistence.services.ProcessLogger########flowable-async-job-executor-thread-776###
[XS2ProcessMtaArchiveStep] MTA Archive ID: 8ce1bbdf-1816-4648-9c5b-115e241c47f5#

#2.0#2020 08 19 08:30:24.754#Z#DEBUG#com.sap.cloud.lm.sl.xs2.3a658ee0-e1f6-11ea-91e2-eeee0a999177.OPERATION.processArchiveTask#
######org.cloudfoundry.multiapps.controller.persistence.services.ProcessLogger########flowable-async-job-executor-thread-776###
[XS2ProcessMtaArchiveStep] MTA Archive Modules: [approuteronly-approuter]#

#2.0#2020 08 19 08:30:24.754#Z#DEBUG#com.sap.cloud.lm.sl.xs2.3a658ee0-e1f6-11ea-91e2-eeee0a999177.OPERATION.processArchiveTask#
######org.cloudfoundry.multiapps.controller.persistence.services.ProcessLogger########flowable-async-job-executor-thread-776###
[XS2ProcessMtaArchiveStep] MTA Archive Requires: []#

#2.0#2020 08 19 08:30:24.754#Z#DEBUG#com.sap.cloud.lm.sl.xs2.3a658ee0-e1f6-11ea-91e2-eeee0a999177.OPERATION.processArchiveTask#
######org.cloudfoundry.multiapps.controller.persistence.services.ProcessLogger########flowable-async-job-executor-thread-776###
[XS2ProcessMtaArchiveStep] MTA Archive Resources: []#

#2.0#2020 08 19 08:30:24.761#Z#DEBUG#com.sap.cloud.lm.sl.xs2.3a658ee0-e1f6-11ea-91e2-eeee0a999177.OPERATION.processArchiveTask#
######org.cloudfoundry.multiapps.controller.persistence.services.ProcessLogger########flowable-async-job-executor-thread-776###
[XS2ProcessMtaArchiveStep] MTA archive processed#

#2.0#2020 08 19 08:30:24.762#Z#DEBUG#com.sap.cloud.lm.sl.xs2.3a658ee0-e1f6-11ea-91e2-eeee0a999177.OPERATION.processArchiveTask#
######org.cloudfoundry.multiapps.controller.persistence.services.ProcessLogger########flowable-async-job-executor-thread-776###
Step "Process Archive" finished#

#2.0#2020 08 19 08:30:24.789#Z#DEBUG#com.sap.cloud.lm.sl.xs2.3a658ee0-e1f6-11ea-91e2-eeee0a999177.OPERATION.processExtensionDescriptorsTask#
######org.cloudfoundry.multiapps.controller.persistence.services.ProcessLogger########flowable-async-job-executor-thread-777###
[ProcessMtaExtensionDescriptorsStep] Executing task "processExtensionDescriptorsTask" of process "3a658f03-e1f6-11ea-91e2-eeee0a999177"...#

#2.0#2020 08 19 08:30:24.790#Z#DEBUG#com.sap.cloud.lm.sl.xs2.3a658ee0-e1f6-11ea-91e2-eeee0a999177.OPERATION.processExtensionDescriptorsTask#
######org.cloudfoundry.multiapps.controller.persistence.services.ProcessLogger########flowable-async-job-executor-thread-777###
[ProcessMtaExtensionDescriptorsStep] Processing MTA extension descriptors...#

#2.0#2020 08 19 08:30:24.790#Z#DEBUG#com.sap.cloud.lm.sl.xs2.3a658ee0-e1f6-11ea-91e2-eeee0a999177.OPERATION.processExtensionDescriptorsTask#
######org.cloudfoundry.multiapps.controller.persistence.services.ProcessLogger########flowable-async-job-executor-thread-777###
[ProcessMtaExtensionDescriptorsStep] Extension descriptors: [ ]#

#2.0#2020 08 19 08:30:24.790#Z#DEBUG#com.sap.cloud.lm.sl.xs2.3a658ee0-e1f6-11ea-91e2-eeee0a999177.OPERATION.processExtensionDescriptorsTask#
######org.cloudfoundry.multiapps.controller.persistence.services.ProcessLogger########flowable-async-job-executor-thread-777###
[ProcessMtaExtensionDescriptorsStep] MTA extension descriptors processed#

#2.0#2020 08 19 08:30:24.791#Z#DEBUG#com.sap.cloud.lm.sl.xs2.3a658ee0-e1f6-11ea-91e2-eeee0a999177.OPERATION.processExtensionDescriptorsTask#
######org.cloudfoundry.multiapps.controller.persistence.services.ProcessLogger########flowable-async-job-executor-thread-777###
Step "Process Extension Descriptors" finished#

#2.0#2020 08 19 08:30:24.816#Z#DEBUG#com.sap.cloud.lm.sl.xs2.3a658ee0-e1f6-11ea-91e2-eeee0a999177.OPERATION.detectSchemaVersionTask#
######org.cloudfoundry.multiapps.controller.persistence.services.ProcessLogger########flowable-async-job-executor-thread-778###
[DetectMtaSchemaVersionStep] Executing task "detectSchemaVersionTask" of process "3a658f03-e1f6-11ea-91e2-eeee0a999177"...#

#2.0#2020 08 19 08:30:24.817#Z#DEBUG#com.sap.cloud.lm.sl.xs2.3a658ee0-e1f6-11ea-91e2-eeee0a999177.OPERATION.detectSchemaVersionTask#
######org.cloudfoundry.multiapps.controller.persistence.services.ProcessLogger########flowable-async-job-executor-thread-778###
[DetectMtaSchemaVersionStep] Detecting MTA major schema version...#

#2.0#2020 08 19 08:30:24.819#Z#INFO#com.sap.cloud.lm.sl.xs2.3a658ee0-e1f6-11ea-91e2-eeee0a999177.OPERATION.detectSchemaVersionTask#
######org.cloudfoundry.multiapps.controller.persistence.services.ProcessLogger########flowable-async-job-executor-thread-778###
[DetectMtaSchemaVersionStep] Detected MTA schema version: "3"#

#2.0#2020 08 19 08:30:24.823#Z#DEBUG#com.sap.cloud.lm.sl.xs2.3a658ee0-e1f6-11ea-91e2-eeee0a999177.OPERATION.detectSchemaVersionTask#
######org.cloudfoundry.multiapps.controller.persistence.services.ProcessLogger########flowable-async-job-executor-thread-778###
Step "Detect Schema Version" finished#

#2.0#2020 08 19 08:30:24.846#Z#DEBUG#com.sap.cloud.lm.sl.xs2.3a658ee0-e1f6-11ea-91e2-eeee0a999177.OPERATION.mergeDescriptorsTask#
######org.cloudfoundry.multiapps.controller.persistence.services.ProcessLogger########flowable-async-job-executor-thread-779###
[MergeDescriptorsStep] Executing task "mergeDescriptorsTask" of process "3a658f03-e1f6-11ea-91e2-eeee0a999177"...#

#2.0#2020 08 19 08:30:24.847#Z#DEBUG#com.sap.cloud.lm.sl.xs2.3a658ee0-e1f6-11ea-91e2-eeee0a999177.OPERATION.mergeDescriptorsTask#
######org.cloudfoundry.multiapps.controller.persistence.services.ProcessLogger########flowable-async-job-executor-thread-779###
[MergeDescriptorsStep] Validating and merging descriptors...#

#2.0#2020 08 19 08:30:24.849#Z#DEBUG#com.sap.cloud.lm.sl.xs2.3a658ee0-e1f6-11ea-91e2-eeee0a999177.OPERATION.mergeDescriptorsTask#
######org.cloudfoundry.multiapps.controller.persistence.services.ProcessLogger########flowable-async-job-executor-thread-779###
[MergeDescriptorsStep] Merged deployment descriptor: {
  "majorSchemaVersion" : 3,
  "schemaVersion" : "3.2.0",
  "id" : "AppRouterOnly",
  "version" : "0.0.1",
  "modules" : [ {
    "majorSchemaVersion" : 3,
    "name" : "approuteronly-approuter",
    "type" : "javascript.nodejs",
    "path" : "approuteronly-approuter",
    "properties" : { },
    "parameters" : {
      "disk-quota" : "256M",
      "memory" : "256M"
    },
    "requiredDependencies" : [ {
      "majorSchemaVersion" : 3,
      "name" : "AppRouterOnly_html_repo_runtime",
      "properties" : { },
      "parameters" : { },
      "propertiesMetadata" : {
        "metadata" : { }
      },
      "parametersMetadata" : {
        "metadata" : { }
      }
    }, {
      "majorSchemaVersion" : 3,
      "name" : "my_service_binding",
      "group" : "destinations",
      "properties" : {
        "name" : "srv_api",
        "forwardAuthToken" : "********",
        "strictSSL" : false,
        "url" : "~{srv-url}"
      },
      "parameters" : { },
      "propertiesMetadata" : {
        "metadata" : { }
      },
      "parametersMetadata" : {
        "metadata" : { }
      }
    } ],
    "providedDependencies" : [ {
      "majorSchemaVersion" : 3,
      "name" : "approuteronly-approuter",
      "isPublic" : false,
      "properties" : { },
      "parameters" : { },
      "propertiesMetadata" : {
        "metadata" : { }
      },
      "parametersMetadata" : {
        "metadata" : { }
      }
    } ],
    "propertiesMetadata" : {
      "metadata" : { }
    },
    "parametersMetadata" : {
      "metadata" : { }
    },
    "hooks" : [ ]
  } ],
  "resources" : [ {
    "majorSchemaVersion" : 3,
    "name" : "AppRouterOnly_html_repo_runtime",
    "type" : "org.cloudfoundry.managed-service",
    "properties" : { },
    "parameters" : {
      "service-plan" : "app-runtime",
      "type" : "managed-service",
      "service" : "html5-apps-repo"
    },
    "isActive" : true,
    "isOptional" : false,
    "propertiesMetadata" : {
      "metadata" : { }
    },
    "parametersMetadata" : {
      "metadata" : { }
    },
    "requiredDependencies" : [ ]
  }, {
    "majorSchemaVersion" : 3,
    "name" : "AppRouterOnly_html_repo_host",
    "type" : "org.cloudfoundry.managed-service",
    "properties" : { },
    "parameters" : {
      "service-plan" : "app-host",
      "type" : "managed-service",
      "service" : "html5-apps-repo"
    },
    "isActive" : true,
    "isOptional" : false,
    "propertiesMetadata" : {
      "metadata" : { }
    },
    "parametersMetadata" : {
      "metadata" : { }
    },
    "requiredDependencies" : [ ]
  }, {
    "majorSchemaVersion" : 3,
    "name" : "my_service_binding",
    "type" : "configuration",
    "properties" : { },
    "parameters" : {
      "type" : "configuration",
      "version" : ">=1.0.0",
      "provider-nid" : "mta",
      "provider-id" : "DemoService:srv-binding",
      "target" : {
        "org" : "${org}",
        "space" : "${space}"
      }
    },
    "isActive" : true,
    "isOptional" : false,
    "propertiesMetadata" : {
      "metadata" : { }
    },
    "parametersMetadata" : {
      "metadata" : { }
    },
    "requiredDependencies" : [ ]
  } ],
  "parameters" : { },
  "parametersMetadata" : {
    "metadata" : { }
  }
}#

#2.0#2020 08 19 08:30:24.850#Z#DEBUG#com.sap.cloud.lm.sl.xs2.3a658ee0-e1f6-11ea-91e2-eeee0a999177.OPERATION.mergeDescriptorsTask#
######org.cloudfoundry.multiapps.controller.persistence.services.ProcessLogger########flowable-async-job-executor-thread-779###
[MergeDescriptorsStep] Descriptors validated and merged#

#2.0#2020 08 19 08:30:24.851#Z#DEBUG#com.sap.cloud.lm.sl.xs2.3a658ee0-e1f6-11ea-91e2-eeee0a999177.OPERATION.mergeDescriptorsTask#
######org.cloudfoundry.multiapps.controller.persistence.services.ProcessLogger########flowable-async-job-executor-thread-779###
Step "Merge Descriptors" finished#

#2.0#2020 08 19 08:30:24.876#Z#DEBUG#com.sap.cloud.lm.sl.xs2.3a658ee0-e1f6-11ea-91e2-eeee0a999177.OPERATION.detectDeployedMtaTask#
######org.cloudfoundry.multiapps.controller.persistence.services.ProcessLogger########flowable-async-job-executor-thread-780###
[DetectDeployedMtaStep] Executing task "detectDeployedMtaTask" of process "3a658f03-e1f6-11ea-91e2-eeee0a999177"...#

#2.0#2020 08 19 08:30:24.877#Z#DEBUG#com.sap.cloud.lm.sl.xs2.3a658ee0-e1f6-11ea-91e2-eeee0a999177.OPERATION.detectDeployedMtaTask#
######org.cloudfoundry.multiapps.controller.persistence.services.ProcessLogger########flowable-async-job-executor-thread-780###
[DetectDeployedMtaStep] Detecting deployed MTA...#

#2.0#2020 08 19 08:30:24.877#Z#DEBUG#com.sap.cloud.lm.sl.xs2.3a658ee0-e1f6-11ea-91e2-eeee0a999177.OPERATION.detectDeployedMtaTask#
######org.cloudfoundry.multiapps.controller.persistence.services.ProcessLogger########flowable-async-job-executor-thread-780###
[DetectDeployedMtaStep] Detecting MTA by id AppRouterOnly and namespace null#

#2.0#2020 08 19 08:30:24.877#Z#DEBUG#com.sap.cloud.lm.sl.xs2.3a658ee0-e1f6-11ea-91e2-eeee0a999177.OPERATION.detectDeployedMtaTask#
######org.cloudfoundry.multiapps.controller.persistence.services.ProcessLogger########flowable-async-job-executor-thread-780###
[DetectDeployedMtaStep] Getting applications by metadata label selector "mta_id=6c3e9fe1deeb333ead7801cce639dfd9,!mta_namespace"...#

#2.0#2020 08 19 08:30:25.677#Z#DEBUG#com.sap.cloud.lm.sl.xs2.3a658ee0-e1f6-11ea-91e2-eeee0a999177.OPERATION.detectDeployedMtaTask#
######org.cloudfoundry.multiapps.controller.persistence.services.ProcessLogger########flowable-async-job-executor-thread-780###
[DetectDeployedMtaStep] Getting service instances by metadata label selector "mta_id=6c3e9fe1deeb333ead7801cce639dfd9,!mta_namespace"...#

#2.0#2020 08 19 08:30:29.646#Z#DEBUG#com.sap.cloud.lm.sl.xs2.3a658ee0-e1f6-11ea-91e2-eeee0a999177.OPERATION.detectDeployedMtaTask#
######org.cloudfoundry.multiapps.controller.persistence.services.ProcessLogger########flowable-async-job-executor-thread-780###
[DetectDeployedMtaStep] Deployed MTA: {
  "metadata" : {
    "id" : "AppRouterOnly",
    "version" : "0.0.1"
  },
  "applications" : [ {
    "name" : "approuteronly-approuter",
    "metadata" : {
      "guid" : "1f91f0f9-beb1-469e-8d64-16f50f58efed",
      "createdAt" : 1597817516000,
      "updatedAt" : 1597825021000,
      "url" : "/v2/apps/1f91f0f9-beb1-469e-8d64-16f50f58efed"
    },
    "v3Metadata" : {
      "annotations" : {
        "mta_id" : "AppRouterOnly",
        "mta_version" : "0.0.1",
        "mta_module" : "{\"name\":\"approuteronly-approuter\"}",
        "mta_module_provided_dependencies" : "[]",
        "mta_bound_services" : "[\"AppRouterOnly_html_repo_runtime\"]"
      },
      "labels" : {
        "mta_id" : "6c3e9fe1deeb333ead7801cce639dfd9"
      }
    },
    "memory" : 256,
    "diskQuota" : 256,
    "instances" : 1,
    "runningInstances" : 1,
    "state" : "STARTED",
    "staging" : {
      "isSshEnabled" : false,
      "buildpacks" : [ ],
      "detectedBuildpack" : "nodejs",
      "healthCheckType" : "port",
      "stack" : "cflinuxfs3"
    },
    "packageState" : "STAGED",
    "uris" : [ "2d32c6fatrial-dev-approuteronly-approuter.cfapps.eu10.hana.ondemand.com" ],
    "services" : [ "AppRouterOnly_html_repo_runtime" ],
    "env" : {
      "DEPLOY_ATTRIBUTES" : "{\n  \"app-content-digest\" : \"F187A6946FFDE09818CCF9724EF86B5C\"\n}",
      "MTA_METADATA" : "{\n  \"id\" : \"AppRouterOnly\",\n  \"version\" : \"0.0.1\"\n}",
      "MTA_MODULE_METADATA" : "{\n  \"name\" : \"approuteronly-approuter\"\n}",
      "MTA_MODULE_PROVIDED_DEPENDENCIES" : "[ ]",
      "MTA_SERVICES" : "[ \"AppRouterOnly_html_repo_runtime\" ]"
    },
    "space" : {
      "name" : "dev",
      "metadata" : {
        "guid" : "d9d521c6-1113-4b42-b885-9f1304a08e93",
        "createdAt" : 1597404037000,
        "updatedAt" : 1597404037000,
        "url" : "/v2/spaces/d9d521c6-1113-4b42-b885-9f1304a08e93"
      },
      "organization" : {
        "name" : "2d32c6fatrial",
        "metadata" : {
          "guid" : "c820f5ba-e737-473f-a461-f6ac9cee8025",
          "createdAt" : 1597404032000,
          "updatedAt" : 1597404035000,
          "url" : "/v2/organizations/c820f5ba-e737-473f-a461-f6ac9cee8025"
        }
      }
    },
    "moduleName" : "approuteronly-approuter",
    "boundMtaServices" : [ "AppRouterOnly_html_repo_runtime" ],
    "providedDependencyNames" : [ ],
    "productizationState" : "LIVE"
  } ],
  "services" : [ {
    "name" : "AppRouterOnly_html_repo_host",
    "metadata" : {
      "guid" : "80f93b9e-c34f-4284-8922-be9ad9ccf00e",
      "createdAt" : 1597817489000,
      "updatedAt" : 1597817489000,
      "url" : "/v2/service_instances/80f93b9e-c34f-4284-8922-be9ad9ccf00e"
    },
    "v3Metadata" : {
      "annotations" : {
        "mta_id" : "AppRouterOnly",
        "mta_version" : "0.0.1",
        "mta_resource" : "{\"name\":\"AppRouterOnly_html_repo_host\"}"
      },
      "labels" : {
        "mta_id" : "6c3e9fe1deeb333ead7801cce639dfd9"
      }
    },
    "label" : "html5-apps-repo",
    "plan" : "app-host",
    "credentials" : "********",
    "tags" : [ ],
    "type" : "managed_service_instance",
    "resourceName" : "AppRouterOnly_html_repo_host"
  }, {
    "name" : "AppRouterOnly_html_repo_runtime",
    "metadata" : {
      "guid" : "6ca9f3fb-c619-4a6b-b27c-a425f610e2f8",
      "createdAt" : 1597817488000,
      "updatedAt" : 1597817488000,
      "url" : "/v2/service_instances/6ca9f3fb-c619-4a6b-b27c-a425f610e2f8"
    },
    "v3Metadata" : {
      "annotations" : {
        "mta_id" : "AppRouterOnly",
        "mta_version" : "0.0.1",
        "mta_resource" : "{\"name\":\"AppRouterOnly_html_repo_runtime\"}"
      },
      "labels" : {
        "mta_id" : "6c3e9fe1deeb333ead7801cce639dfd9"
      }
    },
    "label" : "html5-apps-repo",
    "plan" : "app-runtime",
    "credentials" : "********",
    "tags" : [ ],
    "type" : "managed_service_instance",
    "resourceName" : "AppRouterOnly_html_repo_runtime"
  } ]
}#

#2.0#2020 08 19 08:30:29.647#Z#INFO#com.sap.cloud.lm.sl.xs2.3a658ee0-e1f6-11ea-91e2-eeee0a999177.OPERATION.detectDeployedMtaTask#
######org.cloudfoundry.multiapps.controller.persistence.services.ProcessLogger########flowable-async-job-executor-thread-780###
[DetectDeployedMtaStep] Detected deployed MTA with namespace "null", ID "AppRouterOnly" and version "0.0.1"#

#2.0#2020 08 19 08:30:29.652#Z#DEBUG#com.sap.cloud.lm.sl.xs2.3a658ee0-e1f6-11ea-91e2-eeee0a999177.OPERATION.detectDeployedMtaTask#
######org.cloudfoundry.multiapps.controller.persistence.services.ProcessLogger########flowable-async-job-executor-thread-780###
Step "Detect Deployed MTA" finished#

#2.0#2020 08 19 08:30:29.678#Z#DEBUG#com.sap.cloud.lm.sl.xs2.3a658ee0-e1f6-11ea-91e2-eeee0a999177.OPERATION.collectSystemParametersTask#
######org.cloudfoundry.multiapps.controller.persistence.services.ProcessLogger########flowable-async-job-executor-thread-782###
[CollectSystemParametersStep] Executing task "collectSystemParametersTask" of process "3a658f03-e1f6-11ea-91e2-eeee0a999177"...#

#2.0#2020 08 19 08:30:29.679#Z#DEBUG#com.sap.cloud.lm.sl.xs2.3a658ee0-e1f6-11ea-91e2-eeee0a999177.OPERATION.collectSystemParametersTask#
######org.cloudfoundry.multiapps.controller.persistence.services.ProcessLogger########flowable-async-job-executor-thread-782###
[CollectSystemParametersStep] Collecting system parameters...#

#2.0#2020 08 19 08:30:29.679#Z#DEBUG#com.sap.cloud.lm.sl.xs2.3a658ee0-e1f6-11ea-91e2-eeee0a999177.OPERATION.collectSystemParametersTask#
######org.cloudfoundry.multiapps.controller.persistence.services.ProcessLogger########flowable-async-job-executor-thread-782###
[CollectSystemParametersStep] Getting default domain...#

#2.0#2020 08 19 08:30:29.852#Z#DEBUG#com.sap.cloud.lm.sl.xs2.3a658ee0-e1f6-11ea-91e2-eeee0a999177.OPERATION.collectSystemParametersTask#
######org.cloudfoundry.multiapps.controller.persistence.services.ProcessLogger########flowable-async-job-executor-thread-782###
[CollectSystemParametersStep] Default domain: cfapps.eu10.hana.ondemand.com#

#2.0#2020 08 19 08:30:29.852#Z#DEBUG#com.sap.cloud.lm.sl.xs2.3a658ee0-e1f6-11ea-91e2-eeee0a999177.OPERATION.collectSystemParametersTask#
######org.cloudfoundry.multiapps.controller.persistence.services.ProcessLogger########flowable-async-job-executor-thread-782###
[CollectSystemParametersStep] Checking for overwriting read-only parameters for mta with id: "AppRouterOnly"#

#2.0#2020 08 19 08:30:29.852#Z#DEBUG#com.sap.cloud.lm.sl.xs2.3a658ee0-e1f6-11ea-91e2-eeee0a999177.OPERATION.collectSystemParametersTask#
######org.cloudfoundry.multiapps.controller.persistence.services.ProcessLogger########flowable-async-job-executor-thread-782###
[CollectSystemParametersStep] No read-only parameters are overwritten#

#2.0#2020 08 19 08:30:29.881#Z#DEBUG#com.sap.cloud.lm.sl.xs2.3a658ee0-e1f6-11ea-91e2-eeee0a999177.OPERATION.collectSystemParametersTask#
######org.cloudfoundry.multiapps.controller.persistence.services.ProcessLogger########flowable-async-job-executor-thread-782###
[CollectSystemParametersStep] Descriptor with system parameters: {
  "majorSchemaVersion" : 3,
  "schemaVersion" : "3.2.0",
  "id" : "AppRouterOnly",
  "version" : "0.0.1",
  "modules" : [ {
    "majorSchemaVersion" : 3,
    "name" : "approuteronly-approuter",
    "type" : "javascript.nodejs",
    "path" : "approuteronly-approuter",
    "properties" : { },
    "parameters" : {
      "default-url" : "${protocol}://${default-uri}",
      "default-app-name" : "approuteronly-approuter",
      "generated-password" : "********",
      "default-uri" : "${host}.${domain}",
      "memory" : "256M",
      "default-instances" : 1,
      "instances" : "${default-instances}",
      "default-host" : "2d32c6fatrial-dev-approuteronly-approuter",
      "app-name" : "${default-app-name}",
      "protocol" : "https",
      "disk-quota" : "256M",
      "domain" : "${default-domain}",
      "host" : "${default-host}",
      "generated-user" : "********",
      "timestamp" : "20200819083029"
    },
    "requiredDependencies" : [ {
      "majorSchemaVersion" : 3,
      "name" : "AppRouterOnly_html_repo_runtime",
      "properties" : { },
      "parameters" : { },
      "propertiesMetadata" : {
        "metadata" : { }
      },
      "parametersMetadata" : {
        "metadata" : { }
      }
    }, {
      "majorSchemaVersion" : 3,
      "name" : "my_service_binding",
      "group" : "destinations",
      "properties" : {
        "name" : "srv_api",
        "forwardAuthToken" : "********",
        "strictSSL" : false,
        "url" : "~{srv-url}"
      },
      "parameters" : { },
      "propertiesMetadata" : {
        "metadata" : { }
      },
      "parametersMetadata" : {
        "metadata" : { }
      }
    } ],
    "providedDependencies" : [ {
      "majorSchemaVersion" : 3,
      "name" : "approuteronly-approuter",
      "isPublic" : false,
      "properties" : { },
      "parameters" : { },
      "propertiesMetadata" : {
        "metadata" : { }
      },
      "parametersMetadata" : {
        "metadata" : { }
      }
    } ],
    "propertiesMetadata" : {
      "metadata" : { }
    },
    "parametersMetadata" : {
      "metadata" : { }
    },
    "hooks" : [ ]
  } ],
  "resources" : [ {
    "majorSchemaVersion" : 3,
    "name" : "AppRouterOnly_html_repo_runtime",
    "type" : "org.cloudfoundry.managed-service",
    "properties" : { },
    "parameters" : {
      "generated-password" : "********",
      "service-name" : "${default-service-name}",
      "service-plan" : "app-runtime",
      "service" : "html5-apps-repo",
      "generated-user" : "********",
      "default-xsappname" : "AppRouterOnly_html_repo_runtime",
      "type" : "managed-service",
      "default-service-name" : "AppRouterOnly_html_repo_runtime",
      "default-container-name" : "2D32C6FATRIAL_DEV_APPROUTERONLY_HTML_REPO_RUNTIME"
    },
    "isActive" : true,
    "isOptional" : false,
    "propertiesMetadata" : {
      "metadata" : { }
    },
    "parametersMetadata" : {
      "metadata" : { }
    },
    "requiredDependencies" : [ ]
  }, {
    "majorSchemaVersion" : 3,
    "name" : "AppRouterOnly_html_repo_host",
    "type" : "org.cloudfoundry.managed-service",
    "properties" : { },
    "parameters" : {
      "generated-password" : "********",
      "service-name" : "${default-service-name}",
      "service-plan" : "app-host",
      "service" : "html5-apps-repo",
      "generated-user" : "********",
      "default-xsappname" : "AppRouterOnly_html_repo_host",
      "type" : "managed-service",
      "default-service-name" : "AppRouterOnly_html_repo_host",
      "default-container-name" : "2D32C6FATRIAL_DEV_APPROUTERONLY_HTML_REPO_HOST"
    },
    "isActive" : true,
    "isOptional" : false,
    "propertiesMetadata" : {
      "metadata" : { }
    },
    "parametersMetadata" : {
      "metadata" : { }
    },
    "requiredDependencies" : [ ]
  }, {
    "majorSchemaVersion" : 3,
    "name" : "my_service_binding",
    "type" : "configuration",
    "properties" : { },
    "parameters" : {
      "generated-password" : "********",
      "service-name" : "${default-service-name}",
      "provider-id" : "DemoService:srv-binding",
      "generated-user" : "********",
      "default-xsappname" : "my_service_binding",
      "type" : "configuration",
      "default-service-name" : "my_service_binding",
      "version" : ">=1.0.0",
      "default-container-name" : "2D32C6FATRIAL_DEV_MY_SERVICE_BINDING",
      "provider-nid" : "mta",
      "target" : {
        "org" : "${org}",
        "space" : "${space}"
      }
    },
    "isActive" : true,
    "isOptional" : false,
    "propertiesMetadata" : {
      "metadata" : { }
    },
    "parametersMetadata" : {
      "metadata" : { }
    },
    "requiredDependencies" : [ ]
  } ],
  "parameters" : {
    "authorization-url" : "********",
    "org-guid" : "c820f5ba-e737-473f-a461-f6ac9cee8025",
    "org" : "2d32c6fatrial",
    "deploy-target" : "2d32c6fatrial dev",
    "space" : "dev",
    "xs-api-url" : "https://api.cf.eu10.hana.ondemand.com",
    "deploy-url" : "deploy-service.cfapps.eu10.hana.ondemand.com",
    "xs-type" : "CF",
    "default-domain" : "cfapps.eu10.hana.ondemand.com",
    "xs-auth-url" : "********",
    "space-guid" : "d9d521c6-1113-4b42-b885-9f1304a08e93",
    "user" : "********",
    "controller-url" : "https://api.cf.eu10.hana.ondemand.com"
  },
  "parametersMetadata" : {
    "metadata" : { }
  }
}#

#2.0#2020 08 19 08:30:29.882#Z#DEBUG#com.sap.cloud.lm.sl.xs2.3a658ee0-e1f6-11ea-91e2-eeee0a999177.OPERATION.collectSystemParametersTask#
######org.cloudfoundry.multiapps.controller.persistence.services.ProcessLogger########flowable-async-job-executor-thread-782###
[CollectSystemParametersStep] Version rule: SAME_HIGHER#

#2.0#2020 08 19 08:30:29.882#Z#INFO#com.sap.cloud.lm.sl.xs2.3a658ee0-e1f6-11ea-91e2-eeee0a999177.OPERATION.collectSystemParametersTask#
######org.cloudfoundry.multiapps.controller.persistence.services.ProcessLogger########flowable-async-job-executor-thread-782###
[CollectSystemParametersStep] Detected new MTA version: "0.0.1"#

#2.0#2020 08 19 08:30:29.886#Z#INFO#com.sap.cloud.lm.sl.xs2.3a658ee0-e1f6-11ea-91e2-eeee0a999177.OPERATION.collectSystemParametersTask#
######org.cloudfoundry.multiapps.controller.persistence.services.ProcessLogger########flowable-async-job-executor-thread-782###
[CollectSystemParametersStep] Deployed MTA version: "0.0.1"#

#2.0#2020 08 19 08:30:29.890#Z#DEBUG#com.sap.cloud.lm.sl.xs2.3a658ee0-e1f6-11ea-91e2-eeee0a999177.OPERATION.collectSystemParametersTask#
######org.cloudfoundry.multiapps.controller.persistence.services.ProcessLogger########flowable-async-job-executor-thread-782###
[CollectSystemParametersStep] MTA accepted for deployment#

#2.0#2020 08 19 08:30:29.890#Z#DEBUG#com.sap.cloud.lm.sl.xs2.3a658ee0-e1f6-11ea-91e2-eeee0a999177.OPERATION.collectSystemParametersTask#
######org.cloudfoundry.multiapps.controller.persistence.services.ProcessLogger########flowable-async-job-executor-thread-782###
[CollectSystemParametersStep] System parameters collected#

#2.0#2020 08 19 08:30:29.891#Z#DEBUG#com.sap.cloud.lm.sl.xs2.3a658ee0-e1f6-11ea-91e2-eeee0a999177.OPERATION.collectSystemParametersTask#
######org.cloudfoundry.multiapps.controller.persistence.services.ProcessLogger########flowable-async-job-executor-thread-782###
Step "Collect System Parameters" finished#

#2.0#2020 08 19 08:30:29.917#Z#DEBUG#com.sap.cloud.lm.sl.xs2.3a658ee0-e1f6-11ea-91e2-eeee0a999177.OPERATION.processDescriptorTask#
######org.cloudfoundry.multiapps.controller.persistence.services.ProcessLogger########flowable-async-job-executor-thread-784###
[ProcessDescriptorStep] Executing task "processDescriptorTask" of process "3a658f03-e1f6-11ea-91e2-eeee0a999177"...#

#2.0#2020 08 19 08:30:29.918#Z#DEBUG#com.sap.cloud.lm.sl.xs2.3a658ee0-e1f6-11ea-91e2-eeee0a999177.OPERATION.processDescriptorTask#
######org.cloudfoundry.multiapps.controller.persistence.services.ProcessLogger########flowable-async-job-executor-thread-784###
[ProcessDescriptorStep] Resolving properties and parameters in merged descriptor...#

#2.0#2020 08 19 08:30:29.923#Z#ERROR#com.sap.cloud.lm.sl.xs2.3a658ee0-e1f6-11ea-91e2-eeee0a999177.OPERATION.processDescriptorTask#
######org.cloudfoundry.multiapps.controller.persistence.services.ProcessLogger########flowable-async-job-executor-thread-784###
Exception caught#

org.cloudfoundry.multiapps.common.ContentException: Error resolving merged descriptor properties and parameters: No configuration entries were found matching the filter specified in resource "my_service_binding" 
	at org.cloudfoundry.multiapps.controller.process.steps.SyncFlowableStep$$Lambda$1829/847201339.apply(Unknown Source)
	at org.cloudfoundry.multiapps.controller.process.steps.SyncFlowableStep.processException(SyncFlowableStep.java:124)
	at org.cloudfoundry.multiapps.controller.process.steps.SyncFlowableStep.onStepError(SyncFlowableStep.java:119)
	at org.cloudfoundry.multiapps.controller.process.steps.SyncFlowableStep.handleException(SyncFlowableStep.java:96)
	at org.cloudfoundry.multiapps.controller.process.steps.SyncFlowableStep.executeInternal(SyncFlowableStep.java:75)
	at org.cloudfoundry.multiapps.controller.process.steps.SyncFlowableStep.lambda$execute$0(SyncFlowableStep.java:59)
	at org.cloudfoundry.multiapps.controller.core.util.LoggingUtil.logWithCorrelationId(LoggingUtil.java:14)
	at org.cloudfoundry.multiapps.controller.process.steps.SyncFlowableStep.execute(SyncFlowableStep.java:59)
	at org.flowable.engine.impl.delegate.invocation.JavaDelegateInvocation.invoke(JavaDelegateInvocation.java:35)
	at org.flowable.engine.impl.delegate.invocation.DelegateInvocation.proceed(DelegateInvocation.java:35)
	at org.flowable.engine.impl.delegate.invocation.DefaultDelegateInterceptor.handleInvocation(DefaultDelegateInterceptor.java:26)
	at org.flowable.engine.impl.bpmn.behavior.ServiceTaskDelegateExpressionActivityBehavior.execute(ServiceTaskDelegateExpressionActivityBehavior.java:111)
	at org.flowable.engine.impl.agenda.ContinueProcessOperation.executeActivityBehavior(ContinueProcessOperation.java:290)
	at org.flowable.engine.impl.agenda.ContinueProcessOperation.executeSynchronous(ContinueProcessOperation.java:163)
	at org.flowable.engine.impl.agenda.ContinueProcessOperation.continueThroughFlowNode(ContinueProcessOperation.java:118)
	at org.flowable.engine.impl.agenda.ContinueProcessOperation.run(ContinueProcessOperation.java:81)
	at org.flowable.engine.impl.interceptor.CommandInvoker.executeOperation(CommandInvoker.java:88)
	at org.flowable.engine.impl.interceptor.CommandInvoker.executeOperations(CommandInvoker.java:72)
	at org.flowable.engine.impl.interceptor.CommandInvoker.execute(CommandInvoker.java:56)
	at org.flowable.engine.impl.interceptor.BpmnOverrideContextInterceptor.execute(BpmnOverrideContextInterceptor.java:25)
	at org.flowable.common.engine.impl.interceptor.TransactionContextInterceptor.execute(TransactionContextInterceptor.java:53)
	at org.flowable.common.engine.impl.interceptor.CommandContextInterceptor.execute(CommandContextInterceptor.java:72)
	at org.flowable.common.spring.SpringTransactionInterceptor.lambda$execute$0(SpringTransactionInterceptor.java:56)
	at org.springframework.transaction.support.TransactionTemplate.execute(TransactionTemplate.java:140)
	at org.flowable.common.spring.SpringTransactionInterceptor.execute(SpringTransactionInterceptor.java:56)
	at org.flowable.common.engine.impl.interceptor.LogInterceptor.execute(LogInterceptor.java:30)
	at org.flowable.common.engine.impl.cfg.CommandExecutorImpl.execute(CommandExecutorImpl.java:56)
	at org.flowable.common.engine.impl.cfg.CommandExecutorImpl.execute(CommandExecutorImpl.java:51)
	at org.flowable.job.service.impl.asyncexecutor.ExecuteAsyncRunnable.executeJob(ExecuteAsyncRunnable.java:128)
	at org.flowable.job.service.impl.asyncexecutor.ExecuteAsyncRunnable.run(ExecuteAsyncRunnable.java:116)
	at java.util.concurrent.ThreadPoolExecutor.runWorker(ThreadPoolExecutor.java:1149)
	at java.util.concurrent.ThreadPoolExecutor$Worker.run(ThreadPoolExecutor.java:624)
	at java.lang.Thread.run(Thread.java:836)
Caused by: org.cloudfoundry.multiapps.common.ContentException: No configuration entries were found matching the filter specified in resource "my_service_binding"
	at org.cloudfoundry.multiapps.controller.core.helpers.v2.ConfigurationReferencesResolver.makeSureIsResolvedToSingleResource(ConfigurationReferencesResolver.java:146)
	at org.cloudfoundry.multiapps.controller.core.helpers.v3.ConfigurationReferencesResolver.expandRequiredDependencyIfNecessary(ConfigurationReferencesResolver.java:74)
	at org.cloudfoundry.multiapps.controller.core.helpers.v2.ConfigurationReferencesResolver.lambda$getUpdatedRequiredDependencies$0(ConfigurationReferencesResolver.java:101)
	at java.util.stream.ReferencePipeline$3$1.accept(ReferencePipeline.java:193)
	at java.util.ArrayList$ArrayListSpliterator.forEachRemaining(ArrayList.java:1384)
	at java.util.stream.AbstractPipeline.copyInto(AbstractPipeline.java:482)
	at java.util.stream.AbstractPipeline.wrapAndCopyInto(AbstractPipeline.java:472)
	at java.util.stream.ReduceOps$ReduceOp.evaluateSequential(ReduceOps.java:708)
	at java.util.stream.AbstractPipeline.evaluate(AbstractPipeline.java:234)
	at java.util.stream.ReferencePipeline.collect(ReferencePipeline.java:499)
	at org.cloudfoundry.multiapps.controller.core.helpers.v2.ConfigurationReferencesResolver.getUpdatedRequiredDependencies(ConfigurationReferencesResolver.java:103)
	at org.cloudfoundry.multiapps.controller.core.helpers.v2.ConfigurationReferencesResolver.updateReferencesToResolvedResources(ConfigurationReferencesResolver.java:78)
	at org.cloudfoundry.multiapps.controller.core.helpers.v3.ConfigurationReferencesResolver.updateReferencesToResolvedResources(ConfigurationReferencesResolver.java:39)
	at org.cloudfoundry.multiapps.controller.core.helpers.v2.ConfigurationReferencesResolver.insertResolvedResources(ConfigurationReferencesResolver.java:57)
	at org.cloudfoundry.multiapps.controller.core.helpers.v2.ConfigurationReferencesResolver.resolve(ConfigurationReferencesResolver.java:52)
	at org.cloudfoundry.multiapps.controller.core.helpers.MtaDescriptorPropertiesResolver.resolve(MtaDescriptorPropertiesResolver.java:81)
	at org.cloudfoundry.multiapps.controller.process.steps.ProcessDescriptorStep.executeStep(ProcessDescriptorStep.java:43)
	at org.cloudfoundry.multiapps.controller.process.steps.SyncFlowableStep.executeInternal(SyncFlowableStep.java:68)
	... 28 more
#2.0#2020 08 19 08:30:29.929#Z#DEBUG#com.sap.cloud.lm.sl.xs2.3a658ee0-e1f6-11ea-91e2-eeee0a999177.OPERATION.processDescriptorTask#
######org.cloudfoundry.multiapps.controller.persistence.services.ProcessLogger########flowable-async-job-executor-thread-784###
Step "Process Descriptor Step" finished#

